<?xml version="1.0" encoding="UTF-8"?>
<!-- Generated by org.testng.reporters.JUnitXMLReporter -->
<testsuite ignored="0" hostname="LAPTOP-HD2RSVAT" failures="0" tests="4" name="Default test" time="0.067" errors="0" timestamp="2020-07-14T00:55:20 IST">
  <testcase classname="Assessment.Infilect.WeatherShopperLandingPage" name="@BeforeTest driver_Intialization" time="0.019">
    <failure type="java.lang.NullPointerException">
      <![CDATA[java.lang.NullPointerException
at Resources.DriverInitializationBase.initializeRemotedriver(DriverInitializationBase.java:23)
at Assessment.Infilect.WeatherShopperLandingPage.driver_Intialization(WeatherShopperLandingPage.java:35)
at java.base/jdk.internal.reflect.NativeMethodAccessorImpl.invoke0(Native Method)
at java.base/jdk.internal.reflect.NativeMethodAccessorImpl.invoke(NativeMethodAccessorImpl.java:62)
at java.base/jdk.internal.reflect.DelegatingMethodAccessorImpl.invoke(DelegatingMethodAccessorImpl.java:43)
at java.base/java.lang.reflect.Method.invoke(Method.java:564)
at org.testng.internal.MethodInvocationHelper.invokeMethod(MethodInvocationHelper.java:134)
at org.testng.internal.MethodInvocationHelper.invokeMethodConsideringTimeout(MethodInvocationHelper.java:63)
at org.testng.internal.ConfigInvoker.invokeConfigurationMethod(ConfigInvoker.java:348)
at org.testng.internal.ConfigInvoker.invokeConfigurations(ConfigInvoker.java:302)
at org.testng.TestRunner.invokeTestConfigurations(TestRunner.java:619)
at org.testng.TestRunner.beforeRun(TestRunner.java:609)
at org.testng.TestRunner.run(TestRunner.java:580)
at org.testng.SuiteRunner.runTest(SuiteRunner.java:384)
at org.testng.SuiteRunner.runSequentially(SuiteRunner.java:378)
at org.testng.SuiteRunner.privateRun(SuiteRunner.java:337)
at org.testng.SuiteRunner.run(SuiteRunner.java:286)
at org.testng.SuiteRunnerWorker.runSuite(SuiteRunnerWorker.java:53)
at org.testng.SuiteRunnerWorker.run(SuiteRunnerWorker.java:96)
at org.testng.TestNG.runSuitesSequentially(TestNG.java:1187)
at org.testng.TestNG.runSuitesLocally(TestNG.java:1109)
at org.testng.TestNG.runSuites(TestNG.java:1039)
at org.testng.TestNG.run(TestNG.java:1007)
at org.testng.remote.AbstractRemoteTestNG.run(AbstractRemoteTestNG.java:115)
at org.testng.remote.RemoteTestNG.initAndRun(RemoteTestNG.java:251)
at org.testng.remote.RemoteTestNG.main(RemoteTestNG.java:77)
]]>
    </failure>
  </testcase> <!-- @BeforeTest driver_Intialization -->
  <testcase classname="Assessment.Infilect.WeatherShopperLandingPage" name="get_Temperature_information" time="0.0">
    <skipped/>
  </testcase> <!-- get_Temperature_information -->
  <testcase classname="Assessment.Infilect.WeatherShopperLandingPage" name="Validate_shopping_Page" time="0.0">
    <skipped/>
  </testcase> <!-- Validate_shopping_Page -->
  <testcase classname="Assessment.Infilect.WeatherShopperLandingPage" name="validate_Shopping_cart" time="0.0">
    <skipped/>
  </testcase> <!-- validate_Shopping_cart -->
  <testcase classname="Assessment.Infilect.WeatherShopperLandingPage" name="payment_Screen" time="0.0">
    <skipped/>
  </testcase> <!-- payment_Screen -->
</testsuite> <!-- Default test -->
