<?xml version="1.0" encoding="UTF-8"?>
<!-- Generated by org.testng.reporters.JUnitXMLReporter -->
<testsuite ignored="0" hostname="LAPTOP-HD2RSVAT" failures="0" tests="4" name="Test" time="28.477" errors="0" timestamp="14 Jul 2020 08:38:15 GMT">
  <testcase classname="Assessment.Infilect.WeatherShopperLandingPage" name="get_Temperature_information" time="2.488"/>
  <testcase classname="Assessment.Infilect.WeatherShopperLandingPage" name="Validate_shopping_Page" time="10.387"/>
  <testcase classname="Assessment.Infilect.WeatherShopperLandingPage" name="validate_Shopping_cart" time="0.199"/>
  <testcase classname="Assessment.Infilect.WeatherShopperLandingPage" name="payment_Screen" time="7.876"/>
</testsuite> <!-- Test -->
