# Created at 2020-07-14T13:19:29.828
TestSet has not finished before stream error has appeared >> initializing exit by non-null configuration: DEFAULT
java.io.EOFException
	at java.base/java.io.DataInputStream.readInt(DataInputStream.java:396)
	at org.apache.maven.surefire.booter.MasterProcessCommand.decode(MasterProcessCommand.java:115)
	at org.apache.maven.surefire.booter.CommandReader$CommandRunnable.run(CommandReader.java:391)
	at java.base/java.lang.Thread.run(Thread.java:832)


# Created at 2020-07-14T13:19:46.243
Unexpected IOException: 8,1,Assessment.Infilect.WeatherShopperLandingPage,payment_Screen(Assessment.Infilect.WeatherShopperLandingPage),null,Cannot locate an element using xpath=//iframe[@name='stripe_checkout_app']\000AFor documentation on this error\002C please visit: https://www.seleniumhq.org/exceptions/no_such_element.html\000ABuild info: version: '3.141.59'\002C revision: 'e82be7d358'\002C time: '2018-11-14T08:17:03'\000ASystem info: host: 'LAPTOP-HD2RSVAT'\002C ip: '192.168.29.234'\002C os.name: 'Windows 10'\002C os.arch: 'amd64'\002C os.version: '10.0'\002C java.version: '14.0.1'\000ADriver info: driver.version: RemoteWebDriver,null,Cannot locate an element using xpath=//iframe[@name='stripe_checkout_app']\000AFor documentation on this error\002C please visit: https://www.seleniumhq.org/exceptions/no_such_element.html\000ABuild info: version: '3.141.59'\002C revision: 'e82be7d358'\002C time: '2018-11-14T08:17:03'\000ASystem info: host: 'LAPTOP-HD2RSVAT'\002C ip: '192.168.29.234'\002C os.name: 'Windows 10'\002C os.arch: 'amd64'\002C os.version: '10.0'\002C java.version: '14.0.1'\000ADriver info: driver.version: RemoteWebDriver,WeatherShopperLandingPage.payment_Screen:187 \00BB NoSuchElement Cannot locate an ...,org.openqa.selenium.NoSuchElementException: \000ACannot locate an element using xpath=//iframe[@name='stripe_checkout_app']\000AFor documentation on this error\002C please visit: https://www.seleniumhq.org/exceptions/no_such_element.html\000ABuild info: version: '3.141.59'\002C revision: 'e82be7d358'\002C time: '2018-11-14T08:17:03'\000ASystem info: host: 'LAPTOP-HD2RSVAT'\002C ip: '192.168.29.234'\002C os.name: 'Windows 10'\002C os.arch: 'amd64'\002C os.version: '10.0'\002C java.version: '14.0.1'\000ADriver info: driver.version: RemoteWebDriver\000A\0009at Assessment.Infilect.WeatherShopperLandingPage.payment_Screen(WeatherShopperLandingPage.java:187)\000A


# Created at 2020-07-14T13:19:50.427
Unexpected IOException: 8,1,Assessment.Infilect.WeatherShopperLandingPage,close_Driver(Assessment.Infilect.WeatherShopperLandingPage),null,chrome not reachable\000A  (Session info: chrome=83.0.4103.116)\000ABuild info: version: '3.141.59'\002C revision: 'e82be7d358'\002C time: '2018-11-14T08:17:03'\000ASystem info: host: 'LAPTOP-HD2RSVAT'\002C ip: '192.168.29.234'\002C os.name: 'Windows 10'\002C os.arch: 'amd64'\002C os.version: '10.0'\002C java.version: '14.0.1'\000ADriver info: org.openqa.selenium.chrome.ChromeDriver\000ACapabilities {acceptInsecureCerts: false\002C browserName: chrome\002C browserVersion: 83.0.4103.116\002C chrome: {chromedriverVersion: 83.0.4103.39 (ccbf011cb2d2b...\002C userDataDir: C:\005CUsers\005Csishu\005CAppData\005CLoca...}\002C goog:chromeOptions: {debuggerAddress: localhost:3860}\002C javascriptEnabled: true\002C networkConnectionEnabled: false\002C pageLoadStrategy: normal\002C platform: WINDOWS\002C platformName: WINDOWS\002C proxy: Proxy()\002C setWindowRect: true\002C strictFileInteractability: false\002C timeouts: {implicit: 0\002C pageLoad: 300000\002C script: 30000}\002C unhandledPromptBehavior: dismiss and notify\002C webauthn:virtualAuthenticators: true}\000ASession ID: 8a7ec9325189608c926eac0079517a43,null,chrome not reachable\000A  (Session info: chrome=83.0.4103.116)\000ABuild info: version: '3.141.59'\002C revision: 'e82be7d358'\002C time: '2018-11-14T08:17:03'\000ASystem info: host: 'LAPTOP-HD2RSVAT'\002C ip: '192.168.29.234'\002C os.name: 'Windows 10'\002C os.arch: 'amd64'\002C os.version: '10.0'\002C java.version: '14.0.1'\000ADriver info: org.openqa.selenium.chrome.ChromeDriver\000ACapabilities {acceptInsecureCerts: false\002C browserName: chrome\002C browserVersion: 83.0.4103.116\002C chrome: {chromedriverVersion: 83.0.4103.39 (ccbf011cb2d2b...\002C userDataDir: C:\005CUsers\005Csishu\005CAppData\005CLoca...}\002C goog:chromeOptions: {debuggerAddress: localhost:3860}\002C javascriptEnabled: true\002C networkConnectionEnabled: false\002C pageLoadStrategy: normal\002C platform: WINDOWS\002C platformName: WINDOWS\002C proxy: Proxy()\002C setWindowRect: true\002C strictFileInteractability: false\002C timeouts: {implicit: 0\002C pageLoad: 300000\002C script: 30000}\002C unhandledPromptBehavior: dismiss and notify\002C webauthn:virtualAuthenticators: true}\000ASession ID: 8a7ec9325189608c926eac0079517a43,WeatherShopperLandingPage.close_Driver:203 \00BB WebDriver chrome not reachable\000A  ...,org.openqa.selenium.WebDriverException: \000Achrome not reachable\000A  (Session info: chrome=83.0.4103.116)\000ABuild info: version: '3.141.59'\002C revision: 'e82be7d358'\002C time: '2018-11-14T08:17:03'\000ASystem info: host: 'LAPTOP-HD2RSVAT'\002C ip: '192.168.29.234'\002C os.name: 'Windows 10'\002C os.arch: 'amd64'\002C os.version: '10.0'\002C java.version: '14.0.1'\000ADriver info: org.openqa.selenium.chrome.ChromeDriver\000ACapabilities {acceptInsecureCerts: false\002C browserName: chrome\002C browserVersion: 83.0.4103.116\002C chrome: {chromedriverVersion: 83.0.4103.39 (ccbf011cb2d2b...\002C userDataDir: C:\005CUsers\005Csishu\005CAppData\005CLoca...}\002C goog:chromeOptions: {debuggerAddress: localhost:3860}\002C javascriptEnabled: true\002C networkConnectionEnabled: false\002C pageLoadStrategy: normal\002C platform: WINDOWS\002C platformName: WINDOWS\002C proxy: Proxy()\002C setWindowRect: true\002C strictFileInteractability: false\002C timeouts: {implicit: 0\002C pageLoad: 300000\002C script: 30000}\002C unhandledPromptBehavior: dismiss and notify\002C webauthn:virtualAuthenticators: true}\000ASession ID: 8a7ec9325189608c926eac0079517a43\000A\0009at Assessment.Infilect.WeatherShopperLandingPage.close_Driver(WeatherShopperLandingPage.java:203)\000A


# Created at 2020-07-14T13:19:58.794
Unexpected IOException: 2,1,org.apache.maven.surefire.testng.TestNGXmlTestSuite,TestSuite,null,null,null


