<?xml version="1.0" encoding="UTF-8"?>
<!-- Generated by org.testng.reporters.JUnitReportReporter -->
<testsuite hostname="LAPTOP-HD2RSVAT" failures="0" tests="4" name="Assessment.Infilect.WeatherShopperLandingPage" time="20.950" errors="0" timestamp="14 Jul 2020 08:38:15 GMT" skipped="0">
  <testcase classname="Assessment.Infilect.WeatherShopperLandingPage" name="validate_Shopping_cart" time="0.199"/>
  <testcase classname="Assessment.Infilect.WeatherShopperLandingPage" name="payment_Screen" time="7.876"/>
  <testcase classname="Assessment.Infilect.WeatherShopperLandingPage" name="Validate_shopping_Page" time="10.387"/>
  <testcase classname="Assessment.Infilect.WeatherShopperLandingPage" name="get_Temperature_information" time="2.488"/>
</testsuite> <!-- Assessment.Infilect.WeatherShopperLandingPage -->
